{
  "stats": {
    "suites": 1,
    "tests": 5,
    "passes": 5,
    "pending": 0,
    "failures": 0,
    "start": "2022-11-27T20:04:24.731Z",
    "end": "2022-11-27T20:04:38.164Z",
    "duration": 13433,
    "testsRegistered": 5,
    "passPercent": 100,
    "pendingPercent": 0,
    "other": 0,
    "hasOther": false,
    "skipped": 0,
    "hasSkipped": false
  },
  "results": [
    {
      "uuid": "c7ed87e0-e3bc-4df8-b0ab-ce41210d50ca",
      "title": "",
      "fullFile": "cypress/integration/login/message-login-spec.js",
      "file": "cypress/integration/login/message-login-spec.js",
      "beforeHooks": [],
      "afterHooks": [],
      "tests": [],
      "suites": [
        {
          "uuid": "3e6051d0-1bb5-4d44-a9ef-8686d469232f",
          "title": "Login e registro de usuarios alura pic",
          "fullFile": "",
          "file": "",
          "beforeHooks": [],
          "afterHooks": [],
          "tests": [
            {
              "title": "verifica mensagens validacao",
              "fullTitle": "Login e registro de usuarios alura pic verifica mensagens validacao",
              "timedOut": null,
              "duration": 2783,
              "state": "passed",
              "speed": "fast",
              "pass": true,
              "fail": false,
              "pending": false,
              "context": null,
              "code": "cy.contains('a', 'Register now').click();\ncy.contains('button', 'Register').click();\ncy.contains('ap-vmessage', 'Email is required!').should('be.visible');\ncy.contains('button', 'Register').click();\ncy.contains('ap-vmessage', 'Full name is required!').should('be.visible');\ncy.contains('ap-vmessage', 'User name is required').should('be.visible');\ncy.contains('ap-vmessage', 'Password is required!').should('be.visible');",
              "err": {},
              "uuid": "b9ef2618-3994-4d67-be0f-dd6f2e0da5f3",
              "parentUUID": "3e6051d0-1bb5-4d44-a9ef-8686d469232f",
              "isHook": false,
              "skipped": false
            },
            {
              "title": "verifica mensagens de email invalido",
              "fullTitle": "Login e registro de usuarios alura pic verifica mensagens de email invalido",
              "timedOut": null,
              "duration": 2218,
              "state": "passed",
              "speed": "fast",
              "pass": true,
              "fail": false,
              "pending": false,
              "context": null,
              "code": "cy.contains('a', 'Register now').click();\ncy.contains('button', 'Register').click();\ncy.get('input[formcontrolname=\"email\"]').type('carlos');\ncy.contains('button', 'Register').click();\ncy.contains('ap-vmessage', 'Invalid e-mail').should('be.visible');",
              "err": {},
              "uuid": "27c4de66-d941-46ee-8551-6287b0921a7d",
              "parentUUID": "3e6051d0-1bb5-4d44-a9ef-8686d469232f",
              "isHook": false,
              "skipped": false
            },
            {
              "title": "verifica mensagens de full name error",
              "fullTitle": "Login e registro de usuarios alura pic verifica mensagens de full name error",
              "timedOut": null,
              "duration": 2230,
              "state": "passed",
              "speed": "fast",
              "pass": true,
              "fail": false,
              "pending": false,
              "context": null,
              "code": "cy.contains('a', 'Register now').click();\ncy.contains('button', 'Register').click();\ncy.get('input[formcontrolname=\"fullName\"]').type('0');\ncy.contains('button', 'Register').click();\ncy.contains('ap-vmessage', 'Mininum length is 2').should('be.visible');",
              "err": {},
              "uuid": "86e15162-544f-481f-a0f5-782d827cdce1",
              "parentUUID": "3e6051d0-1bb5-4d44-a9ef-8686d469232f",
              "isHook": false,
              "skipped": false
            },
            {
              "title": "verifica mensagens de user name error",
              "fullTitle": "Login e registro de usuarios alura pic verifica mensagens de user name error",
              "timedOut": null,
              "duration": 1990,
              "state": "passed",
              "speed": "fast",
              "pass": true,
              "fail": false,
              "pending": false,
              "context": null,
              "code": "cy.contains('a', 'Register now').click();\ncy.contains('button', 'Register').click();\ncy.get('input[formcontrolname=\"userName\"]').type('0');\ncy.contains('button', 'Register').click();\ncy.contains('ap-vmessage', 'Mininum length is 2').should('be.visible');",
              "err": {},
              "uuid": "4f34cc80-1146-4829-9c75-9d728205f23b",
              "parentUUID": "3e6051d0-1bb5-4d44-a9ef-8686d469232f",
              "isHook": false,
              "skipped": false
            },
            {
              "title": "verifica mensagens de password error",
              "fullTitle": "Login e registro de usuarios alura pic verifica mensagens de password error",
              "timedOut": null,
              "duration": 2020,
              "state": "passed",
              "speed": "fast",
              "pass": true,
              "fail": false,
              "pending": false,
              "context": null,
              "code": "cy.contains('a', 'Register now').click();\ncy.contains('button', 'Register').click();\ncy.get('input[formcontrolname=\"password\"]').type('0');\ncy.contains('button', 'Register').click();\ncy.contains('ap-vmessage', 'Mininum length is 8').should('be.visible');",
              "err": {},
              "uuid": "5bddcb8e-4632-411f-bbcc-eb2223053365",
              "parentUUID": "3e6051d0-1bb5-4d44-a9ef-8686d469232f",
              "isHook": false,
              "skipped": false
            }
          ],
          "suites": [],
          "passes": [
            "b9ef2618-3994-4d67-be0f-dd6f2e0da5f3",
            "27c4de66-d941-46ee-8551-6287b0921a7d",
            "86e15162-544f-481f-a0f5-782d827cdce1",
            "4f34cc80-1146-4829-9c75-9d728205f23b",
            "5bddcb8e-4632-411f-bbcc-eb2223053365"
          ],
          "failures": [],
          "pending": [],
          "skipped": [],
          "duration": 11241,
          "root": false,
          "rootEmpty": false,
          "_timeout": 2000
        }
      ],
      "passes": [],
      "failures": [],
      "pending": [],
      "skipped": [],
      "duration": 0,
      "root": true,
      "rootEmpty": true,
      "_timeout": 2000
    }
  ],
  "meta": {
    "mocha": {
      "version": "7.0.1"
    },
    "mochawesome": {
      "options": {
        "quiet": false,
        "reportFilename": "mochawesome",
        "saveHtml": true,
        "saveJson": true,
        "consoleReporter": "spec",
        "useInlineDiffs": false,
        "code": true
      },
      "version": "7.1.3"
    },
    "marge": {
      "options": null,
      "version": "6.2.0"
    }
  }
}